PLINK v1.90b3w 64-bit (2 Sep 2015)
Options in effect:
  --ld-window 24548
  --ld-window-kb 141693
  --ld-window-r2 0.1
  --r2 dprime
  --vcf tmp.vcf

Hostname: farm3-head3
Working directory: /nfs/users/nfs_a/ag15/plotburden
Start time: Wed Mar  8 13:59:47 2017

Random number seed: 1488981587
257853 MB RAM detected; reserving 128926 MB for main workspace.
Allocated 4083 MB successfully, after larger attempt(s) failed.
--vcf: plink-temporary.bed + plink-temporary.bim + plink-temporary.fam written.
1398 variants loaded from .bim file.
1457 people (0 males, 0 females, 1457 ambiguous) loaded from .fam.
Ambiguous sex IDs written to plink.nosex .
Using up to 31 threads (change this with --threads).
Before main variant filters, 1457 founders and 0 nonfounders present.
Calculating allele frequencies... done.
Total genotyping rate is 0.993241.
1398 variants and 1457 people pass filters and QC.
Note: No phenotypes present.
--r2 dprime... done.
Results written to plink.ld .

End time: Wed Mar  8 13:59:47 2017
